<?xml version="1.0" encoding="UTF-8"?>
<!-- Generated by org.testng.reporters.JUnitReportReporter -->
<testsuite name="solodkova3.AppTest" tests="1" time="3.358" ignored="0" failures="0" timestamp="19 Oct 2017 09:59:24 GMT" skipped="0" hostname="Pheliks-PC" errors="0">
  <testcase name="testSingIn" time="3.358" classname="solodkova3.AppTest"/>
</testsuite> <!-- solodkova3.AppTest -->
