<?xml version="1.0" encoding="UTF-8"?>
<!-- Generated by org.testng.reporters.JUnitReportReporter -->
<testsuite name="solodkova3.AppTest" tests="1" time="2.880" ignored="1" failures="0" timestamp="19 Oct 2017 10:08:37 GMT" skipped="0" hostname="Pheliks-PC" errors="0">
  <testcase name="testSingIn" time="2.880" classname="solodkova3.AppTest"/>
  <testcase name="initTestSuite" classname="solodkova3.TestNgTestBase">
    <skipped/>
  </testcase> <!-- initTestSuite -->
</testsuite> <!-- solodkova3.AppTest -->
